24-10-23.00:00:42.353 [main            ] INFO  Application            - Starting Application using Java 21.0.2 on LAPTOP-I6KQTGAU with PID 14052 (D:\javaweb\项目实习资料\备份测试\dynamic-thread-pool-main\dynamic-thread-pool-test\target\classes started by 刘德宝 in D:\javaweb\项目实习资料\备份测试\dynamic-thread-pool-main)
24-10-23.00:00:42.360 [main            ] INFO  Application            - The following 1 profile is active: "dev"
24-10-23.00:00:42.958 [main            ] INFO  RepositoryConfigurationDelegate - Multiple Spring Data modules found, entering strict repository configuration mode
24-10-23.00:00:42.960 [main            ] INFO  RepositoryConfigurationDelegate - Bootstrapping Spring Data Redis repositories in DEFAULT mode.
24-10-23.00:00:42.975 [main            ] INFO  RepositoryConfigurationDelegate - Finished Spring Data repository scanning in 7 ms. Found 0 Redis repository interfaces.
24-10-23.00:00:43.473 [main            ] INFO  TomcatWebServer        - Tomcat initialized with port(s): 8093 (http)
24-10-23.00:00:43.482 [main            ] INFO  Http11NioProtocol      - Initializing ProtocolHandler ["http-nio-8093"]
24-10-23.00:00:43.482 [main            ] INFO  StandardService        - Starting service [Tomcat]
24-10-23.00:00:43.482 [main            ] INFO  StandardEngine         - Starting Servlet engine: [Apache Tomcat/9.0.75]
24-10-23.00:00:43.567 [main            ] INFO  [/]                    - Initializing Spring embedded WebApplicationContext
24-10-23.00:00:43.567 [main            ] INFO  ServletWebServerApplicationContext - Root WebApplicationContext: initialization completed in 1151 ms
24-10-23.00:00:44.406 [main            ] INFO  Version                - Redisson 3.26.0
24-10-23.00:00:44.660 [redisson-netty-1-4] INFO  ConnectionsHolder      - 1 connections initialized for 113.45.148.34/113.45.148.34:6379
24-10-23.00:00:46.047 [redisson-netty-1-23] INFO  ConnectionsHolder      - 10 connections initialized for 113.45.148.34/113.45.148.34:6379
24-10-23.00:00:46.076 [main            ] INFO  DynamicThreadPoolAutoConfig - 动态线程池，注册器（redis）链接初始化完成。113.45.148.34 64 true
24-10-23.00:00:46.663 [main            ] INFO  EndpointLinksResolver  - Exposing 1 endpoint(s) beneath base path '/actuator'
24-10-23.00:00:46.680 [main            ] INFO  Http11NioProtocol      - Starting ProtocolHandler ["http-nio-8093"]
24-10-23.00:00:46.700 [main            ] INFO  TomcatWebServer        - Tomcat started on port(s): 8093 (http) with context path ''
24-10-23.00:00:46.717 [main            ] INFO  Application            - Started Application in 4.769 seconds (JVM running for 5.065)
24-10-23.00:00:50.332 [main            ] INFO  Application            - Starting Application using Java 21.0.2 on LAPTOP-I6KQTGAU with PID 37800 (D:\javaweb\项目实习资料\备份测试\dynamic-thread-pool-main\dynamic-thread-pool-admin\target\classes started by 刘德宝 in D:\javaweb\项目实习资料\备份测试\dynamic-thread-pool-main)
24-10-23.00:00:50.333 [main            ] INFO  Application            - The following 1 profile is active: "dev"
24-10-23.00:00:50.734 [main            ] INFO  RepositoryConfigurationDelegate - Multiple Spring Data modules found, entering strict repository configuration mode
24-10-23.00:00:50.736 [main            ] INFO  RepositoryConfigurationDelegate - Bootstrapping Spring Data Redis repositories in DEFAULT mode.
24-10-23.00:00:50.748 [main            ] INFO  RepositoryConfigurationDelegate - Finished Spring Data repository scanning in 4 ms. Found 0 Redis repository interfaces.
24-10-23.00:00:50.989 [main            ] INFO  TomcatWebServer        - Tomcat initialized with port(s): 8089 (http)
24-10-23.00:00:50.994 [main            ] INFO  Http11NioProtocol      - Initializing ProtocolHandler ["http-nio-8089"]
24-10-23.00:00:50.994 [main            ] INFO  StandardService        - Starting service [Tomcat]
24-10-23.00:00:50.994 [main            ] INFO  StandardEngine         - Starting Servlet engine: [Apache Tomcat/9.0.75]
24-10-23.00:00:51.051 [main            ] INFO  [/]                    - Initializing Spring embedded WebApplicationContext
24-10-23.00:00:51.051 [main            ] INFO  ServletWebServerApplicationContext - Root WebApplicationContext: initialization completed in 691 ms
24-10-23.00:00:51.254 [main            ] INFO  Version                - Redisson 3.26.0
24-10-23.00:00:51.595 [redisson-netty-1-6] INFO  ConnectionsHolder      - 1 connections initialized for 113.45.148.34/113.45.148.34:6379
24-10-23.00:00:51.948 [redisson-netty-1-13] INFO  ConnectionsHolder      - 5 connections initialized for 113.45.148.34/113.45.148.34:6379
24-10-23.00:00:52.355 [main            ] INFO  EndpointLinksResolver  - Exposing 1 endpoint(s) beneath base path '/actuator'
24-10-23.00:00:52.367 [main            ] INFO  Http11NioProtocol      - Starting ProtocolHandler ["http-nio-8089"]
24-10-23.00:00:52.374 [main            ] INFO  TomcatWebServer        - Tomcat started on port(s): 8089 (http) with context path ''
24-10-23.00:00:52.382 [main            ] INFO  Application            - Started Application in 2.316 seconds (JVM running for 2.707)
24-10-23.00:00:52.806 [RMI TCP Connection(5)-192.168.137.1] INFO  [/]                    - Initializing Spring DispatcherServlet 'dispatcherServlet'
24-10-23.00:00:52.806 [RMI TCP Connection(5)-192.168.137.1] INFO  DispatcherServlet      - Initializing Servlet 'dispatcherServlet'
24-10-23.00:00:52.806 [RMI TCP Connection(5)-192.168.137.1] INFO  DispatcherServlet      - Completed initialization in 0 ms
24-10-23.00:01:00.301 [scheduling-1    ] INFO  ThreadPoolDataReportJob - 动态线程池，上报线程池信息：[{"activeCount":20,"appName":"dynamic-thread-pool-test-app","corePoolSize":20,"maximumPoolSize":50,"poolSize":20,"queueSize":454,"queueType":"LinkedBlockingQueue","remainingCapacity":4546,"threadPoolName":"threadPoolExecutor01"},{"activeCount":0,"appName":"dynamic-thread-pool-test-app","corePoolSize":20,"maximumPoolSize":50,"poolSize":0,"queueSize":0,"queueType":"LinkedBlockingQueue","remainingCapacity":5000,"threadPoolName":"threadPoolExecutor02"}]
24-10-23.00:01:00.564 [scheduling-1    ] INFO  ThreadPoolDataReportJob - 动态线程池，上报线程池配置：{"activeCount":20,"appName":"dynamic-thread-pool-test-app","corePoolSize":20,"maximumPoolSize":50,"poolSize":20,"queueSize":454,"queueType":"LinkedBlockingQueue","remainingCapacity":4546,"threadPoolName":"threadPoolExecutor01"}
24-10-23.00:01:00.595 [scheduling-1    ] INFO  ThreadPoolDataReportJob - 动态线程池，上报线程池配置：{"activeCount":0,"appName":"dynamic-thread-pool-test-app","corePoolSize":20,"maximumPoolSize":50,"poolSize":0,"queueSize":0,"queueType":"LinkedBlockingQueue","remainingCapacity":5000,"threadPoolName":"threadPoolExecutor02"}
24-10-23.00:01:20.069 [scheduling-1    ] INFO  ThreadPoolDataReportJob - 动态线程池，上报线程池信息：[{"activeCount":20,"appName":"dynamic-thread-pool-test-app","corePoolSize":20,"maximumPoolSize":50,"poolSize":20,"queueSize":1160,"queueType":"LinkedBlockingQueue","remainingCapacity":3840,"threadPoolName":"threadPoolExecutor01"},{"activeCount":0,"appName":"dynamic-thread-pool-test-app","corePoolSize":20,"maximumPoolSize":50,"poolSize":0,"queueSize":0,"queueType":"LinkedBlockingQueue","remainingCapacity":5000,"threadPoolName":"threadPoolExecutor02"}]
24-10-23.00:01:20.226 [scheduling-1    ] INFO  ThreadPoolDataReportJob - 动态线程池，上报线程池配置：{"activeCount":20,"appName":"dynamic-thread-pool-test-app","corePoolSize":20,"maximumPoolSize":50,"poolSize":20,"queueSize":1160,"queueType":"LinkedBlockingQueue","remainingCapacity":3840,"threadPoolName":"threadPoolExecutor01"}
24-10-23.00:01:20.261 [scheduling-1    ] INFO  ThreadPoolDataReportJob - 动态线程池，上报线程池配置：{"activeCount":0,"appName":"dynamic-thread-pool-test-app","corePoolSize":20,"maximumPoolSize":50,"poolSize":0,"queueSize":0,"queueType":"LinkedBlockingQueue","remainingCapacity":5000,"threadPoolName":"threadPoolExecutor02"}
24-10-23.00:01:40.199 [scheduling-1    ] INFO  ThreadPoolDataReportJob - 动态线程池，上报线程池信息：[{"activeCount":20,"appName":"dynamic-thread-pool-test-app","corePoolSize":20,"maximumPoolSize":50,"poolSize":20,"queueSize":1878,"queueType":"LinkedBlockingQueue","remainingCapacity":3122,"threadPoolName":"threadPoolExecutor01"},{"activeCount":0,"appName":"dynamic-thread-pool-test-app","corePoolSize":20,"maximumPoolSize":50,"poolSize":0,"queueSize":0,"queueType":"LinkedBlockingQueue","remainingCapacity":5000,"threadPoolName":"threadPoolExecutor02"}]
24-10-23.00:01:40.234 [scheduling-1    ] INFO  ThreadPoolDataReportJob - 动态线程池，上报线程池配置：{"activeCount":20,"appName":"dynamic-thread-pool-test-app","corePoolSize":20,"maximumPoolSize":50,"poolSize":20,"queueSize":1878,"queueType":"LinkedBlockingQueue","remainingCapacity":3122,"threadPoolName":"threadPoolExecutor01"}
24-10-23.00:01:40.507 [scheduling-1    ] INFO  ThreadPoolDataReportJob - 动态线程池，上报线程池配置：{"activeCount":0,"appName":"dynamic-thread-pool-test-app","corePoolSize":20,"maximumPoolSize":50,"poolSize":0,"queueSize":0,"queueType":"LinkedBlockingQueue","remainingCapacity":5000,"threadPoolName":"threadPoolExecutor02"}
24-10-23.00:02:00.200 [scheduling-1    ] INFO  ThreadPoolDataReportJob - 动态线程池，上报线程池信息：[{"activeCount":20,"appName":"dynamic-thread-pool-test-app","corePoolSize":20,"maximumPoolSize":50,"poolSize":20,"queueSize":2580,"queueType":"LinkedBlockingQueue","remainingCapacity":2420,"threadPoolName":"threadPoolExecutor01"},{"activeCount":0,"appName":"dynamic-thread-pool-test-app","corePoolSize":20,"maximumPoolSize":50,"poolSize":0,"queueSize":0,"queueType":"LinkedBlockingQueue","remainingCapacity":5000,"threadPoolName":"threadPoolExecutor02"}]
24-10-23.00:02:00.232 [scheduling-1    ] INFO  ThreadPoolDataReportJob - 动态线程池，上报线程池配置：{"activeCount":20,"appName":"dynamic-thread-pool-test-app","corePoolSize":20,"maximumPoolSize":50,"poolSize":20,"queueSize":2580,"queueType":"LinkedBlockingQueue","remainingCapacity":2420,"threadPoolName":"threadPoolExecutor01"}
24-10-23.00:02:00.266 [scheduling-1    ] INFO  ThreadPoolDataReportJob - 动态线程池，上报线程池配置：{"activeCount":0,"appName":"dynamic-thread-pool-test-app","corePoolSize":20,"maximumPoolSize":50,"poolSize":0,"queueSize":0,"queueType":"LinkedBlockingQueue","remainingCapacity":5000,"threadPoolName":"threadPoolExecutor02"}
24-10-23.00:02:20.145 [scheduling-1    ] INFO  ThreadPoolDataReportJob - 动态线程池，上报线程池信息：[{"activeCount":20,"appName":"dynamic-thread-pool-test-app","corePoolSize":20,"maximumPoolSize":50,"poolSize":20,"queueSize":3310,"queueType":"LinkedBlockingQueue","remainingCapacity":1690,"threadPoolName":"threadPoolExecutor01"},{"activeCount":0,"appName":"dynamic-thread-pool-test-app","corePoolSize":20,"maximumPoolSize":50,"poolSize":0,"queueSize":0,"queueType":"LinkedBlockingQueue","remainingCapacity":5000,"threadPoolName":"threadPoolExecutor02"}]
24-10-23.00:02:20.180 [scheduling-1    ] INFO  ThreadPoolDataReportJob - 动态线程池，上报线程池配置：{"activeCount":20,"appName":"dynamic-thread-pool-test-app","corePoolSize":20,"maximumPoolSize":50,"poolSize":20,"queueSize":3310,"queueType":"LinkedBlockingQueue","remainingCapacity":1690,"threadPoolName":"threadPoolExecutor01"}
24-10-23.00:02:20.326 [scheduling-1    ] INFO  ThreadPoolDataReportJob - 动态线程池，上报线程池配置：{"activeCount":0,"appName":"dynamic-thread-pool-test-app","corePoolSize":20,"maximumPoolSize":50,"poolSize":0,"queueSize":0,"queueType":"LinkedBlockingQueue","remainingCapacity":5000,"threadPoolName":"threadPoolExecutor02"}
24-10-23.00:02:40.073 [scheduling-1    ] INFO  ThreadPoolDataReportJob - 动态线程池，上报线程池信息：[{"activeCount":20,"appName":"dynamic-thread-pool-test-app","corePoolSize":20,"maximumPoolSize":50,"poolSize":20,"queueSize":4008,"queueType":"LinkedBlockingQueue","remainingCapacity":992,"threadPoolName":"threadPoolExecutor01"},{"activeCount":0,"appName":"dynamic-thread-pool-test-app","corePoolSize":20,"maximumPoolSize":50,"poolSize":0,"queueSize":0,"queueType":"LinkedBlockingQueue","remainingCapacity":5000,"threadPoolName":"threadPoolExecutor02"}]
24-10-23.00:02:40.245 [scheduling-1    ] INFO  ThreadPoolDataReportJob - 动态线程池，上报线程池配置：{"activeCount":20,"appName":"dynamic-thread-pool-test-app","corePoolSize":20,"maximumPoolSize":50,"poolSize":20,"queueSize":4008,"queueType":"LinkedBlockingQueue","remainingCapacity":992,"threadPoolName":"threadPoolExecutor01"}
24-10-23.00:02:40.276 [scheduling-1    ] INFO  ThreadPoolDataReportJob - 动态线程池，上报线程池配置：{"activeCount":0,"appName":"dynamic-thread-pool-test-app","corePoolSize":20,"maximumPoolSize":50,"poolSize":0,"queueSize":0,"queueType":"LinkedBlockingQueue","remainingCapacity":5000,"threadPoolName":"threadPoolExecutor02"}
24-10-23.00:03:00.101 [scheduling-1    ] INFO  ThreadPoolDataReportJob - 动态线程池，上报线程池信息：[{"activeCount":20,"appName":"dynamic-thread-pool-test-app","corePoolSize":20,"maximumPoolSize":50,"poolSize":20,"queueSize":4717,"queueType":"LinkedBlockingQueue","remainingCapacity":283,"threadPoolName":"threadPoolExecutor01"},{"activeCount":0,"appName":"dynamic-thread-pool-test-app","corePoolSize":20,"maximumPoolSize":50,"poolSize":0,"queueSize":0,"queueType":"LinkedBlockingQueue","remainingCapacity":5000,"threadPoolName":"threadPoolExecutor02"}]
24-10-23.00:03:00.135 [scheduling-1    ] INFO  ThreadPoolDataReportJob - 动态线程池，上报线程池配置：{"activeCount":20,"appName":"dynamic-thread-pool-test-app","corePoolSize":20,"maximumPoolSize":50,"poolSize":20,"queueSize":4717,"queueType":"LinkedBlockingQueue","remainingCapacity":283,"threadPoolName":"threadPoolExecutor01"}
24-10-23.00:03:00.279 [scheduling-1    ] INFO  ThreadPoolDataReportJob - 动态线程池，上报线程池配置：{"activeCount":0,"appName":"dynamic-thread-pool-test-app","corePoolSize":20,"maximumPoolSize":50,"poolSize":0,"queueSize":0,"queueType":"LinkedBlockingQueue","remainingCapacity":5000,"threadPoolName":"threadPoolExecutor02"}
24-10-23.00:03:20.147 [scheduling-1    ] INFO  ThreadPoolDataReportJob - 动态线程池，上报线程池信息：[{"activeCount":50,"appName":"dynamic-thread-pool-test-app","corePoolSize":20,"maximumPoolSize":50,"poolSize":50,"queueSize":4958,"queueType":"LinkedBlockingQueue","remainingCapacity":42,"threadPoolName":"threadPoolExecutor01"},{"activeCount":0,"appName":"dynamic-thread-pool-test-app","corePoolSize":20,"maximumPoolSize":50,"poolSize":0,"queueSize":0,"queueType":"LinkedBlockingQueue","remainingCapacity":5000,"threadPoolName":"threadPoolExecutor02"}]
24-10-23.00:03:20.183 [scheduling-1    ] INFO  ThreadPoolDataReportJob - 动态线程池，上报线程池配置：{"activeCount":50,"appName":"dynamic-thread-pool-test-app","corePoolSize":20,"maximumPoolSize":50,"poolSize":50,"queueSize":4958,"queueType":"LinkedBlockingQueue","remainingCapacity":42,"threadPoolName":"threadPoolExecutor01"}
24-10-23.00:03:20.446 [scheduling-1    ] INFO  ThreadPoolDataReportJob - 动态线程池，上报线程池配置：{"activeCount":0,"appName":"dynamic-thread-pool-test-app","corePoolSize":20,"maximumPoolSize":50,"poolSize":0,"queueSize":0,"queueType":"LinkedBlockingQueue","remainingCapacity":5000,"threadPoolName":"threadPoolExecutor02"}
24-10-23.00:03:40.174 [scheduling-1    ] INFO  ThreadPoolDataReportJob - 动态线程池，上报线程池信息：[{"activeCount":50,"appName":"dynamic-thread-pool-test-app","corePoolSize":20,"maximumPoolSize":50,"poolSize":50,"queueSize":4984,"queueType":"LinkedBlockingQueue","remainingCapacity":16,"threadPoolName":"threadPoolExecutor01"},{"activeCount":0,"appName":"dynamic-thread-pool-test-app","corePoolSize":20,"maximumPoolSize":50,"poolSize":0,"queueSize":0,"queueType":"LinkedBlockingQueue","remainingCapacity":5000,"threadPoolName":"threadPoolExecutor02"}]
24-10-23.00:03:40.208 [scheduling-1    ] INFO  ThreadPoolDataReportJob - 动态线程池，上报线程池配置：{"activeCount":50,"appName":"dynamic-thread-pool-test-app","corePoolSize":20,"maximumPoolSize":50,"poolSize":50,"queueSize":4984,"queueType":"LinkedBlockingQueue","remainingCapacity":16,"threadPoolName":"threadPoolExecutor01"}
24-10-23.00:03:40.355 [scheduling-1    ] INFO  ThreadPoolDataReportJob - 动态线程池，上报线程池配置：{"activeCount":0,"appName":"dynamic-thread-pool-test-app","corePoolSize":20,"maximumPoolSize":50,"poolSize":0,"queueSize":0,"queueType":"LinkedBlockingQueue","remainingCapacity":5000,"threadPoolName":"threadPoolExecutor02"}
24-10-23.00:04:00.084 [scheduling-1    ] INFO  ThreadPoolDataReportJob - 动态线程池，上报线程池信息：[{"activeCount":50,"appName":"dynamic-thread-pool-test-app","corePoolSize":20,"maximumPoolSize":50,"poolSize":50,"queueSize":4933,"queueType":"LinkedBlockingQueue","remainingCapacity":67,"threadPoolName":"threadPoolExecutor01"},{"activeCount":0,"appName":"dynamic-thread-pool-test-app","corePoolSize":20,"maximumPoolSize":50,"poolSize":0,"queueSize":0,"queueType":"LinkedBlockingQueue","remainingCapacity":5000,"threadPoolName":"threadPoolExecutor02"}]
24-10-23.00:04:00.121 [scheduling-1    ] INFO  ThreadPoolDataReportJob - 动态线程池，上报线程池配置：{"activeCount":50,"appName":"dynamic-thread-pool-test-app","corePoolSize":20,"maximumPoolSize":50,"poolSize":50,"queueSize":4933,"queueType":"LinkedBlockingQueue","remainingCapacity":67,"threadPoolName":"threadPoolExecutor01"}
24-10-23.00:04:00.384 [scheduling-1    ] INFO  ThreadPoolDataReportJob - 动态线程池，上报线程池配置：{"activeCount":0,"appName":"dynamic-thread-pool-test-app","corePoolSize":20,"maximumPoolSize":50,"poolSize":0,"queueSize":0,"queueType":"LinkedBlockingQueue","remainingCapacity":5000,"threadPoolName":"threadPoolExecutor02"}
24-10-23.00:04:20.113 [scheduling-1    ] INFO  ThreadPoolDataReportJob - 动态线程池，上报线程池信息：[{"activeCount":50,"appName":"dynamic-thread-pool-test-app","corePoolSize":20,"maximumPoolSize":50,"poolSize":50,"queueSize":4978,"queueType":"LinkedBlockingQueue","remainingCapacity":22,"threadPoolName":"threadPoolExecutor01"},{"activeCount":0,"appName":"dynamic-thread-pool-test-app","corePoolSize":20,"maximumPoolSize":50,"poolSize":0,"queueSize":0,"queueType":"LinkedBlockingQueue","remainingCapacity":5000,"threadPoolName":"threadPoolExecutor02"}]
24-10-23.00:04:20.152 [scheduling-1    ] INFO  ThreadPoolDataReportJob - 动态线程池，上报线程池配置：{"activeCount":50,"appName":"dynamic-thread-pool-test-app","corePoolSize":20,"maximumPoolSize":50,"poolSize":50,"queueSize":4978,"queueType":"LinkedBlockingQueue","remainingCapacity":22,"threadPoolName":"threadPoolExecutor01"}
24-10-23.00:04:20.319 [scheduling-1    ] INFO  ThreadPoolDataReportJob - 动态线程池，上报线程池配置：{"activeCount":0,"appName":"dynamic-thread-pool-test-app","corePoolSize":20,"maximumPoolSize":50,"poolSize":0,"queueSize":0,"queueType":"LinkedBlockingQueue","remainingCapacity":5000,"threadPoolName":"threadPoolExecutor02"}
24-10-23.00:04:40.321 [scheduling-1    ] INFO  ThreadPoolDataReportJob - 动态线程池，上报线程池信息：[{"activeCount":50,"appName":"dynamic-thread-pool-test-app","corePoolSize":20,"maximumPoolSize":50,"poolSize":50,"queueSize":4967,"queueType":"LinkedBlockingQueue","remainingCapacity":33,"threadPoolName":"threadPoolExecutor01"},{"activeCount":0,"appName":"dynamic-thread-pool-test-app","corePoolSize":20,"maximumPoolSize":50,"poolSize":0,"queueSize":0,"queueType":"LinkedBlockingQueue","remainingCapacity":5000,"threadPoolName":"threadPoolExecutor02"}]
24-10-23.00:04:40.354 [scheduling-1    ] INFO  ThreadPoolDataReportJob - 动态线程池，上报线程池配置：{"activeCount":50,"appName":"dynamic-thread-pool-test-app","corePoolSize":20,"maximumPoolSize":50,"poolSize":50,"queueSize":4967,"queueType":"LinkedBlockingQueue","remainingCapacity":33,"threadPoolName":"threadPoolExecutor01"}
24-10-23.00:04:40.388 [scheduling-1    ] INFO  ThreadPoolDataReportJob - 动态线程池，上报线程池配置：{"activeCount":0,"appName":"dynamic-thread-pool-test-app","corePoolSize":20,"maximumPoolSize":50,"poolSize":0,"queueSize":0,"queueType":"LinkedBlockingQueue","remainingCapacity":5000,"threadPoolName":"threadPoolExecutor02"}
24-10-23.00:05:00.081 [scheduling-1    ] INFO  ThreadPoolDataReportJob - 动态线程池，上报线程池信息：[{"activeCount":50,"appName":"dynamic-thread-pool-test-app","corePoolSize":20,"maximumPoolSize":50,"poolSize":50,"queueSize":4935,"queueType":"LinkedBlockingQueue","remainingCapacity":65,"threadPoolName":"threadPoolExecutor01"},{"activeCount":0,"appName":"dynamic-thread-pool-test-app","corePoolSize":20,"maximumPoolSize":50,"poolSize":0,"queueSize":0,"queueType":"LinkedBlockingQueue","remainingCapacity":5000,"threadPoolName":"threadPoolExecutor02"}]
24-10-23.00:05:00.229 [scheduling-1    ] INFO  ThreadPoolDataReportJob - 动态线程池，上报线程池配置：{"activeCount":50,"appName":"dynamic-thread-pool-test-app","corePoolSize":20,"maximumPoolSize":50,"poolSize":50,"queueSize":4935,"queueType":"LinkedBlockingQueue","remainingCapacity":65,"threadPoolName":"threadPoolExecutor01"}
24-10-23.00:05:00.263 [scheduling-1    ] INFO  ThreadPoolDataReportJob - 动态线程池，上报线程池配置：{"activeCount":0,"appName":"dynamic-thread-pool-test-app","corePoolSize":20,"maximumPoolSize":50,"poolSize":0,"queueSize":0,"queueType":"LinkedBlockingQueue","remainingCapacity":5000,"threadPoolName":"threadPoolExecutor02"}
24-10-23.00:05:20.087 [scheduling-1    ] INFO  ThreadPoolDataReportJob - 动态线程池，上报线程池信息：[{"activeCount":50,"appName":"dynamic-thread-pool-test-app","corePoolSize":20,"maximumPoolSize":50,"poolSize":50,"queueSize":4970,"queueType":"LinkedBlockingQueue","remainingCapacity":30,"threadPoolName":"threadPoolExecutor01"},{"activeCount":0,"appName":"dynamic-thread-pool-test-app","corePoolSize":20,"maximumPoolSize":50,"poolSize":0,"queueSize":0,"queueType":"LinkedBlockingQueue","remainingCapacity":5000,"threadPoolName":"threadPoolExecutor02"}]
24-10-23.00:05:20.125 [scheduling-1    ] INFO  ThreadPoolDataReportJob - 动态线程池，上报线程池配置：{"activeCount":50,"appName":"dynamic-thread-pool-test-app","corePoolSize":20,"maximumPoolSize":50,"poolSize":50,"queueSize":4970,"queueType":"LinkedBlockingQueue","remainingCapacity":30,"threadPoolName":"threadPoolExecutor01"}
24-10-23.00:05:20.270 [scheduling-1    ] INFO  ThreadPoolDataReportJob - 动态线程池，上报线程池配置：{"activeCount":0,"appName":"dynamic-thread-pool-test-app","corePoolSize":20,"maximumPoolSize":50,"poolSize":0,"queueSize":0,"queueType":"LinkedBlockingQueue","remainingCapacity":5000,"threadPoolName":"threadPoolExecutor02"}
24-10-23.00:05:40.134 [scheduling-1    ] INFO  ThreadPoolDataReportJob - 动态线程池，上报线程池信息：[{"activeCount":50,"appName":"dynamic-thread-pool-test-app","corePoolSize":20,"maximumPoolSize":50,"poolSize":50,"queueSize":4978,"queueType":"LinkedBlockingQueue","remainingCapacity":22,"threadPoolName":"threadPoolExecutor01"},{"activeCount":0,"appName":"dynamic-thread-pool-test-app","corePoolSize":20,"maximumPoolSize":50,"poolSize":0,"queueSize":0,"queueType":"LinkedBlockingQueue","remainingCapacity":5000,"threadPoolName":"threadPoolExecutor02"}]
24-10-23.00:05:40.172 [scheduling-1    ] INFO  ThreadPoolDataReportJob - 动态线程池，上报线程池配置：{"activeCount":50,"appName":"dynamic-thread-pool-test-app","corePoolSize":20,"maximumPoolSize":50,"poolSize":50,"queueSize":4978,"queueType":"LinkedBlockingQueue","remainingCapacity":22,"threadPoolName":"threadPoolExecutor01"}
24-10-23.00:05:40.342 [scheduling-1    ] INFO  ThreadPoolDataReportJob - 动态线程池，上报线程池配置：{"activeCount":0,"appName":"dynamic-thread-pool-test-app","corePoolSize":20,"maximumPoolSize":50,"poolSize":0,"queueSize":0,"queueType":"LinkedBlockingQueue","remainingCapacity":5000,"threadPoolName":"threadPoolExecutor02"}
24-10-23.00:06:00.159 [scheduling-1    ] INFO  ThreadPoolDataReportJob - 动态线程池，上报线程池信息：[{"activeCount":50,"appName":"dynamic-thread-pool-test-app","corePoolSize":20,"maximumPoolSize":50,"poolSize":50,"queueSize":4999,"queueType":"LinkedBlockingQueue","remainingCapacity":1,"threadPoolName":"threadPoolExecutor01"},{"activeCount":0,"appName":"dynamic-thread-pool-test-app","corePoolSize":20,"maximumPoolSize":50,"poolSize":0,"queueSize":0,"queueType":"LinkedBlockingQueue","remainingCapacity":5000,"threadPoolName":"threadPoolExecutor02"}]
24-10-23.00:06:00.197 [scheduling-1    ] INFO  ThreadPoolDataReportJob - 动态线程池，上报线程池配置：{"activeCount":50,"appName":"dynamic-thread-pool-test-app","corePoolSize":20,"maximumPoolSize":50,"poolSize":50,"queueSize":4999,"queueType":"LinkedBlockingQueue","remainingCapacity":1,"threadPoolName":"threadPoolExecutor01"}
24-10-23.00:06:00.339 [scheduling-1    ] INFO  ThreadPoolDataReportJob - 动态线程池，上报线程池配置：{"activeCount":0,"appName":"dynamic-thread-pool-test-app","corePoolSize":20,"maximumPoolSize":50,"poolSize":0,"queueSize":0,"queueType":"LinkedBlockingQueue","remainingCapacity":5000,"threadPoolName":"threadPoolExecutor02"}
24-10-23.00:06:20.102 [scheduling-1    ] INFO  ThreadPoolDataReportJob - 动态线程池，上报线程池信息：[{"activeCount":50,"appName":"dynamic-thread-pool-test-app","corePoolSize":20,"maximumPoolSize":50,"poolSize":50,"queueSize":4985,"queueType":"LinkedBlockingQueue","remainingCapacity":15,"threadPoolName":"threadPoolExecutor01"},{"activeCount":0,"appName":"dynamic-thread-pool-test-app","corePoolSize":20,"maximumPoolSize":50,"poolSize":0,"queueSize":0,"queueType":"LinkedBlockingQueue","remainingCapacity":5000,"threadPoolName":"threadPoolExecutor02"}]
24-10-23.00:06:20.248 [scheduling-1    ] INFO  ThreadPoolDataReportJob - 动态线程池，上报线程池配置：{"activeCount":50,"appName":"dynamic-thread-pool-test-app","corePoolSize":20,"maximumPoolSize":50,"poolSize":50,"queueSize":4985,"queueType":"LinkedBlockingQueue","remainingCapacity":15,"threadPoolName":"threadPoolExecutor01"}
24-10-23.00:06:20.282 [scheduling-1    ] INFO  ThreadPoolDataReportJob - 动态线程池，上报线程池配置：{"activeCount":0,"appName":"dynamic-thread-pool-test-app","corePoolSize":20,"maximumPoolSize":50,"poolSize":0,"queueSize":0,"queueType":"LinkedBlockingQueue","remainingCapacity":5000,"threadPoolName":"threadPoolExecutor02"}
